EDA Netlist Writer report for ULA
Tue Jul 16 12:46:30 2013
Quartus II 64-Bit Version 10.1 Build 197 01/19/2011 Service Pack 1 SJ Web Edition


---------------------
; Table of Contents ;
---------------------
  1. Legal Notice
  2. EDA Netlist Writer Summary
  3. Simulation Settings
  4. Simulation Generated Files
  5. EDA Netlist Writer Messages



----------------
; Legal Notice ;
----------------
Copyright (C) 1991-2011 Altera Corporation
Your use of Altera Corporation's design tools, logic functions 
and other software and tools, and its AMPP partner logic 
functions, and any output files from any of the foregoing 
(including device programming or simulation files), and any 
associated documentation or information are expressly subject 
to the terms and conditions of the Altera Program License 
Subscription Agreement, Altera MegaCore Function License 
Agreement, or other applicable license agreement, including, 
without limitation, that your use is for the sole purpose of 
programming logic devices manufactured by Altera and sold by 
Altera or its authorized distributors.  Please refer to the 
applicable agreement for further details.



+-------------------------------------------------------------------+
; EDA Netlist Writer Summary                                        ;
+---------------------------+---------------------------------------+
; EDA Netlist Writer Status ; Successful - Tue Jul 16 12:46:30 2013 ;
; Revision Name             ; ULA                                   ;
; Top-level Entity Name     ; ULA                                   ;
; Family                    ; MAX7000S                              ;
; Simulation Files Creation ; Successful                            ;
+---------------------------+---------------------------------------+


+----------------------------------------------------------------------------------------------------------------------------+
; Simulation Settings                                                                                                        ;
+---------------------------------------------------------------------------------------------------+------------------------+
; Option                                                                                            ; Setting                ;
+---------------------------------------------------------------------------------------------------+------------------------+
; Tool Name                                                                                         ; ModelSim-Altera (VHDL) ;
; Generate netlist for functional simulation only                                                   ; Off                    ;
; Time scale                                                                                        ; 1 ps                   ;
; Truncate long hierarchy paths                                                                     ; Off                    ;
; Map illegal HDL characters                                                                        ; Off                    ;
; Flatten buses into individual nodes                                                               ; Off                    ;
; Maintain hierarchy                                                                                ; Off                    ;
; Bring out device-wide set/reset signals as ports                                                  ; Off                    ;
; Enable glitch filtering                                                                           ; Off                    ;
; Do not write top level VHDL entity                                                                ; Off                    ;
; Disable detection of setup and hold time violations in the input registers of bi-directional pins ; Off                    ;
; Architecture name in VHDL output netlist                                                          ; structure              ;
; Generate third-party EDA tool command script for RTL functional simulation                        ; Off                    ;
; Generate third-party EDA tool command script for gate-level simulation                            ; Off                    ;
+---------------------------------------------------------------------------------------------------+------------------------+


+--------------------------------------------------------------------+
; Simulation Generated Files                                         ;
+--------------------------------------------------------------------+
; Generated Files                                                    ;
+--------------------------------------------------------------------+
; D:/Documentos/Documents/altera/ula/simulation/modelsim/ULA.vho     ;
; D:/Documentos/Documents/altera/ula/simulation/modelsim/ULA_vhd.sdo ;
+--------------------------------------------------------------------+


+-----------------------------+
; EDA Netlist Writer Messages ;
+-----------------------------+
Info: *******************************************************************
Info: Running Quartus II 64-Bit EDA Netlist Writer
    Info: Version 10.1 Build 197 01/19/2011 Service Pack 1 SJ Web Edition
    Info: Processing started: Tue Jul 16 12:46:30 2013
Info: Command: quartus_eda --read_settings_files=off --write_settings_files=off ULA -c ULA
Info: Generated files "ULA.vho" and "ULA_vhd.sdo" in directory "D:/Documentos/Documents/altera/ula/simulation/modelsim/" for EDA simulation tool
Info: Quartus II 64-Bit EDA Netlist Writer was successful. 0 errors, 0 warnings
    Info: Peak virtual memory: 251 megabytes
    Info: Processing ended: Tue Jul 16 12:46:30 2013
    Info: Elapsed time: 00:00:00
    Info: Total CPU time (on all processors): 00:00:00


